{"C:\\Users\\Tmura\\learn-tdd-HilaDori\\cash.js":{"path":"C:\\Users\\Tmura\\learn-tdd-HilaDori\\cash.js","s":{"1":1,"2":1,"3":1,"4":3,"5":3,"6":3,"7":3,"8":36,"9":36,"10":12,"11":12,"12":14,"13":14,"14":3,"15":1},"b":{"1":[12,24]},"f":{"1":3},"fnMap":{"1":{"name":"(anonymous_1)","line":3,"loc":{"start":{"line":3,"column":14},"end":{"line":3,"column":48}}}},"statementMap":{"1":{"start":{"line":1,"column":0},"end":{"line":1,"column":11}},"2":{"start":{"line":2,"column":0},"end":{"line":2,"column":64}},"3":{"start":{"line":3,"column":0},"end":{"line":22,"column":17}},"4":{"start":{"line":5,"column":8},"end":{"line":5,"column":24}},"5":{"start":{"line":6,"column":5},"end":{"line":6,"column":33}},"6":{"start":{"line":7,"column":9},"end":{"line":7,"column":49}},"7":{"start":{"line":9,"column":6},"end":{"line":20,"column":19}},"8":{"start":{"line":10,"column":14},"end":{"line":10,"column":36}},"9":{"start":{"line":12,"column":15},"end":{"line":19,"column":22}},"10":{"start":{"line":13,"column":20},"end":{"line":13,"column":59}},"11":{"start":{"line":15,"column":18},"end":{"line":18,"column":28}},"12":{"start":{"line":16,"column":27},"end":{"line":16,"column":45}},"13":{"start":{"line":17,"column":29},"end":{"line":17,"column":58}},"14":{"start":{"line":21,"column":22},"end":{"line":21,"column":36}},"15":{"start":{"line":23,"column":15},"end":{"line":23,"column":34}}},"branchMap":{"1":{"line":12,"type":"if","locations":[{"start":{"line":12,"column":15},"end":{"line":12,"column":15}},{"start":{"line":12,"column":15},"end":{"line":12,"column":15}}]}}}}